Performance Statistics   2021-11-29 11:52:00 - 2021-11-29 11:53:00
Tag                                                  Avg(ms)         Min         Max     Std Dev       Count
Messages.searchClasspath                                 0,1           0           9         0,7         284
Messages.searchFiles                                     0,1           0          18         1,1         284
Metadata.replaceExtendedMetaClasses                      3,5           3           4         0,5           2

Performance Statistics   2021-11-29 11:53:00 - 2021-11-29 11:54:00
Tag                                                  Avg(ms)         Min         Max     Std Dev       Count
LoadClass                                                0,1           0          13         0,6         990
Messages.searchClasspath                                 0,2           0          23         1,3         607
Messages.searchFiles                                     0,0           0           6         0,3         607
Metadata.replaceExtendedMetaClasses                      3,0           3           3         0,0           2
Scheduling.processTasks                                111,1          33         453        78,2          61
ViewRepository.init.ExtViewRepositoryImpl               90,0          90          90         0,0           1
ViewRepository.replaceOverridden                         0,0           0           0         0,0          21
WebJARs                                                724,0         724         724         0,0           1

Performance Statistics   2021-11-29 11:54:00 - 2021-11-29 11:55:00
Tag                                                  Avg(ms)         Min         Max     Std Dev       Count
AppFolders                                            5229,0        5229        5229         0,0           1
LoadClass                                                0,2           0         241         4,4        3167
Messages.searchClasspath                                 0,1           0         244         2,0       33895
Messages.searchFiles                                     0,0           0          14         0,1       33895
Messages.searchRemotely                                  0,6           0         124         4,6        2109
Scheduling.processTasks                                109,8          18         423       103,5          60
SearchFolders                                           20,0          20          20         0,0           1
Thesis:loadCalendarEvents                               74,0          74          74         0,0           1
Thesis:loadCardDeadlineInfoTree                         16,0          16          16         0,0           1
ViewRepository.init.ViewRepositoryClientImpl           147,0         147         147         0,0           1
ViewRepository.replaceOverridden                         0,1           0           1         0,3          21

Performance Statistics   2021-11-29 11:55:00 - 2021-11-29 11:56:00
Tag                                                  Avg(ms)         Min         Max     Std Dev       Count
Scheduling.processTasks                                 35,9           8         134        26,0          60

Performance Statistics   2021-11-29 11:56:00 - 2021-11-29 11:57:00
Tag                                                  Avg(ms)         Min         Max     Std Dev       Count
LoadClass                                                0,5           0           2         0,9           4
Messages.searchClasspath                                 0,1           0         138         2,6        5000
Messages.searchFiles                                     0,0           0           7         0,1        5000
Messages.searchRemotely                                  0,4           0          31         2,1         300
Scheduling.processTasks                                 45,1          13         312        49,3          60

Performance Statistics   2021-11-29 11:57:00 - 2021-11-29 11:58:00
Tag                                                  Avg(ms)         Min         Max     Std Dev       Count
AppFolders                                              22,0          22          22         0,0           1
Scheduling.processTasks                                 30,9          10         111        21,1          60

Performance Statistics   2021-11-29 11:58:00 - 2021-11-29 11:59:00
Tag                                                  Avg(ms)         Min         Max     Std Dev       Count
Scheduling.processTasks                                 29,8           8         100        19,4          60

Performance Statistics   2021-11-29 11:59:00 - 2021-11-29 12:00:00
Tag                                                  Avg(ms)         Min         Max     Std Dev       Count
Scheduling.processTasks                                 37,6           5         106        27,1          60

Performance Statistics   2021-11-29 12:00:00 - 2021-11-29 12:01:00
Tag                                                  Avg(ms)         Min         Max     Std Dev       Count
AppFolders                                              31,0          31          31         0,0           1
Scheduling.processTasks                                 28,0           9          85        16,5          60

Performance Statistics   2021-11-29 12:01:00 - 2021-11-29 12:02:00
Tag                                                  Avg(ms)         Min         Max     Std Dev       Count
Scheduling.processTasks                                 39,2           8         215        32,4          60

Performance Statistics   2021-11-29 12:02:00 - 2021-11-29 12:03:00
Tag                                                  Avg(ms)         Min         Max     Std Dev       Count
Scheduling.processTasks                                 30,3          11         101        18,6          60

Performance Statistics   2021-11-29 12:03:00 - 2021-11-29 12:04:00
Tag                                                  Avg(ms)         Min         Max     Std Dev       Count
AppFolders                                              13,0          13          13         0,0           1
Scheduling.processTasks                                 32,1          10         144        25,8          60

Performance Statistics   2021-11-29 12:04:00 - 2021-11-29 12:05:00
Tag                                                  Avg(ms)         Min         Max     Std Dev       Count
Scheduling.processTasks                                 30,9           7          73        16,5          60

Performance Statistics   2021-11-29 12:05:00 - 2021-11-29 12:06:00
Tag                                                  Avg(ms)         Min         Max     Std Dev       Count
Scheduling.processTasks                                 35,7          10         285        37,6          60

Performance Statistics   2021-11-29 12:06:00 - 2021-11-29 12:07:00
Tag                                                  Avg(ms)         Min         Max     Std Dev       Count
AppFolders                                              12,0          12          12         0,0           1
Scheduling.processTasks                                 34,6           6         107        23,3          60

Performance Statistics   2021-11-29 12:07:00 - 2021-11-29 12:08:00
Tag                                                  Avg(ms)         Min         Max     Std Dev       Count
Scheduling.processTasks                                 42,1           4         250        41,9          60

Performance Statistics   2021-11-29 12:08:00 - 2021-11-29 12:09:00
Tag                                                  Avg(ms)         Min         Max     Std Dev       Count
Scheduling.processTasks                                 39,3           8         320        44,8          60

Performance Statistics   2021-11-29 12:09:00 - 2021-11-29 12:10:00
Tag                                                  Avg(ms)         Min         Max     Std Dev       Count
AppFolders                                              13,0          13          13         0,0           1
Scheduling.processTasks                                 37,0           7         232        38,0          60

Performance Statistics   2021-11-29 12:10:00 - 2021-11-29 12:11:00
Tag                                                  Avg(ms)         Min         Max     Std Dev       Count
Scheduling.processTasks                                 39,1           4         234        33,8          60

Performance Statistics   2021-11-29 12:11:00 - 2021-11-29 12:12:00
Tag                                                  Avg(ms)         Min         Max     Std Dev       Count
Scheduling.processTasks                                 31,4          11          88        21,0          60

Performance Statistics   2021-11-29 12:12:00 - 2021-11-29 12:13:00
Tag                                                  Avg(ms)         Min         Max     Std Dev       Count
AppFolders                                               9,0           9           9         0,0           1
Scheduling.processTasks                                 30,7          11          86        18,2          60

Performance Statistics   2021-11-29 12:13:00 - 2021-11-29 12:14:00
Tag                                                  Avg(ms)         Min         Max     Std Dev       Count
Scheduling.processTasks                                 31,3           6          74        17,7          60

Performance Statistics   2021-11-29 12:14:00 - 2021-11-29 12:15:00
Tag                                                  Avg(ms)         Min         Max     Std Dev       Count
Scheduling.processTasks                                 34,0          11         326        42,7          60

Performance Statistics   2021-11-29 12:15:00 - 2021-11-29 12:16:00
Tag                                                  Avg(ms)         Min         Max     Std Dev       Count
AppFolders                                              16,0          16          16         0,0           1
Scheduling.processTasks                                 38,7          10         307        47,4          60

Performance Statistics   2021-11-29 12:16:00 - 2021-11-29 12:17:00
Tag                                                  Avg(ms)         Min         Max     Std Dev       Count
Scheduling.processTasks                                 38,3           6         267        44,6          60

Performance Statistics   2021-11-29 12:17:00 - 2021-11-29 12:18:00
Tag                                                  Avg(ms)         Min         Max     Std Dev       Count
Scheduling.processTasks                                 30,9          11         162        25,6          60

Performance Statistics   2021-11-29 12:18:00 - 2021-11-29 12:19:00
Tag                                                  Avg(ms)         Min         Max     Std Dev       Count
AppFolders                                               8,0           8           8         0,0           1
Scheduling.processTasks                                 34,6          10         202        29,3          60

Performance Statistics   2021-11-29 12:19:00 - 2021-11-29 12:20:00
Tag                                                  Avg(ms)         Min         Max     Std Dev       Count
Scheduling.processTasks                                 36,1           7         134        26,9          60

Performance Statistics   2021-11-29 12:20:00 - 2021-11-29 12:21:00
Tag                                                  Avg(ms)         Min         Max     Std Dev       Count
Scheduling.processTasks                                 44,9          12         237        39,7          60

Performance Statistics   2021-11-29 12:21:00 - 2021-11-29 12:22:00
Tag                                                  Avg(ms)         Min         Max     Std Dev       Count
AppFolders                                              54,0          54          54         0,0           1
Scheduling.processTasks                                 27,9          10          76        15,3          60

Performance Statistics   2021-11-29 12:22:00 - 2021-11-29 12:23:00
Tag                                                  Avg(ms)         Min         Max     Std Dev       Count
Scheduling.processTasks                                 33,1           8          92        18,3          60

Performance Statistics   2021-11-29 12:23:00 - 2021-11-29 12:24:00
Tag                                                  Avg(ms)         Min         Max     Std Dev       Count
Scheduling.processTasks                                 32,2           6         114        22,0          60

Performance Statistics   2021-11-29 12:24:00 - 2021-11-29 12:25:00
Tag                                                  Avg(ms)         Min         Max     Std Dev       Count
AppFolders                                              21,0          21          21         0,0           1
Scheduling.processTasks                                 40,8           9         192        32,0          60

Performance Statistics   2021-11-29 12:25:00 - 2021-11-29 12:26:00
Tag                                                  Avg(ms)         Min         Max     Std Dev       Count
Scheduling.processTasks                                 23,1           7          93        18,4          60

Performance Statistics   2021-11-29 12:26:00 - 2021-11-29 12:27:00
Tag                                                  Avg(ms)         Min         Max     Std Dev       Count
Scheduling.processTasks                                 22,3           5         139        25,3          60

Performance Statistics   2021-11-29 12:27:00 - 2021-11-29 12:28:00
Tag                                                  Avg(ms)         Min         Max     Std Dev       Count
AppFolders                                               8,0           8           8         0,0           1
Scheduling.processTasks                                 18,6           3         104        16,1          60

Performance Statistics   2021-11-29 12:28:00 - 2021-11-29 12:29:00
Tag                                                  Avg(ms)         Min         Max     Std Dev       Count
Scheduling.processTasks                                 31,3           9         159        26,7          60

Performance Statistics   2021-11-29 12:29:00 - 2021-11-29 12:30:00
Tag                                                  Avg(ms)         Min         Max     Std Dev       Count
Scheduling.processTasks                                 42,4           6         331        52,5          60

Performance Statistics   2021-11-29 12:30:00 - 2021-11-29 12:31:00
Tag                                                  Avg(ms)         Min         Max     Std Dev       Count
AppFolders                                             151,0         151         151         0,0           1
Scheduling.processTasks                                 34,6           3         165        30,2          60

Performance Statistics   2021-11-29 12:31:00 - 2021-11-29 12:32:00
Tag                                                  Avg(ms)         Min         Max     Std Dev       Count
Scheduling.processTasks                                 30,8          11         226        32,8          60

Performance Statistics   2021-11-29 12:32:00 - 2021-11-29 12:33:00
Tag                                                  Avg(ms)         Min         Max     Std Dev       Count
Scheduling.processTasks                                 30,4           7         319        43,4          60

Performance Statistics   2021-11-29 12:33:00 - 2021-11-29 12:34:00
Tag                                                  Avg(ms)         Min         Max     Std Dev       Count
AppFolders                                               8,0           8           8         0,0           1
Scheduling.processTasks                                 24,8           4          82        20,3          60

Performance Statistics   2021-11-29 12:34:00 - 2021-11-29 12:35:00
Tag                                                  Avg(ms)         Min         Max     Std Dev       Count
Scheduling.processTasks                                 18,7          10         112        17,5          60

Performance Statistics   2021-11-29 12:35:00 - 2021-11-29 12:36:00
Tag                                                  Avg(ms)         Min         Max     Std Dev       Count
Scheduling.processTasks                                 32,0           7         286        40,4          60

Performance Statistics   2021-11-29 12:36:00 - 2021-11-29 12:37:00
Tag                                                  Avg(ms)         Min         Max     Std Dev       Count
AppFolders                                               8,0           8           8         0,0           1
Scheduling.processTasks                                 27,9           5         293        41,7          60

Performance Statistics   2021-11-29 12:37:00 - 2021-11-29 12:38:00
Tag                                                  Avg(ms)         Min         Max     Std Dev       Count
Scheduling.processTasks                                 28,6          11         211        32,7          60

Performance Statistics   2021-11-29 12:38:00 - 2021-11-29 12:39:00
Tag                                                  Avg(ms)         Min         Max     Std Dev       Count
Scheduling.processTasks                                 51,0           9         401        68,0          60

Performance Statistics   2021-11-29 12:39:00 - 2021-11-29 12:40:00
Tag                                                  Avg(ms)         Min         Max     Std Dev       Count
AppFolders                                             114,0         114         114         0,0           1
Scheduling.processTasks                                 30,4           6         190        32,4          60

Performance Statistics   2021-11-29 12:40:00 - 2021-11-29 12:41:00
Tag                                                  Avg(ms)         Min         Max     Std Dev       Count
Scheduling.processTasks                                 22,0           5         115        18,3          60

Performance Statistics   2021-11-29 12:41:00 - 2021-11-29 12:42:00
Tag                                                  Avg(ms)         Min         Max     Std Dev       Count
Scheduling.processTasks                                 16,7           9          69        11,7          60

Performance Statistics   2021-11-29 12:42:00 - 2021-11-29 12:43:00
Tag                                                  Avg(ms)         Min         Max     Std Dev       Count
AppFolders                                              10,0          10          10         0,0           1
Scheduling.processTasks                                 15,1           8          49         8,4          60

Performance Statistics   2021-11-29 12:43:00 - 2021-11-29 12:44:00
Tag                                                  Avg(ms)         Min         Max     Std Dev       Count
Scheduling.processTasks                                 17,9           5         133        18,5          60

Performance Statistics   2021-11-29 12:44:00 - 2021-11-29 12:45:00
Tag                                                  Avg(ms)         Min         Max     Std Dev       Count
Scheduling.processTasks                                 16,9           5          79        13,0          60

Performance Statistics   2021-11-29 12:45:00 - 2021-11-29 12:46:00
Tag                                                  Avg(ms)         Min         Max     Std Dev       Count
AppFolders                                               7,0           7           7         0,0           1
Scheduling.processTasks                                 18,2           8         128        16,8          60

Performance Statistics   2021-11-29 12:46:00 - 2021-11-29 12:47:00
Tag                                                  Avg(ms)         Min         Max     Std Dev       Count
Scheduling.processTasks                                 22,3           8         125        19,3          60

Performance Statistics   2021-11-29 12:47:00 - 2021-11-29 12:48:00
Tag                                                  Avg(ms)         Min         Max     Std Dev       Count
Scheduling.processTasks                                 28,0           5         269        39,7          60

Performance Statistics   2021-11-29 12:48:00 - 2021-11-29 12:49:00
Tag                                                  Avg(ms)         Min         Max     Std Dev       Count
AppFolders                                              15,0          15          15         0,0           1
Scheduling.processTasks                                 46,2          10         401        74,2          60

Performance Statistics   2021-11-29 12:49:00 - 2021-11-29 12:50:00
Tag                                                  Avg(ms)         Min         Max     Std Dev       Count
Scheduling.processTasks                                 42,1           7         252        54,9          60

Performance Statistics   2021-11-29 12:50:00 - 2021-11-29 12:51:00
Tag                                                  Avg(ms)         Min         Max     Std Dev       Count
Scheduling.processTasks                                 34,7           5         244        38,8          60

Performance Statistics   2021-11-29 12:51:00 - 2021-11-29 12:52:00
Tag                                                  Avg(ms)         Min         Max     Std Dev       Count
AppFolders                                              10,0          10          10         0,0           1
Scheduling.processTasks                                 38,5          12         185        30,8          60

Performance Statistics   2021-11-29 12:52:00 - 2021-11-29 12:53:00
Tag                                                  Avg(ms)         Min         Max     Std Dev       Count
Scheduling.processTasks                                 26,9           9          85        18,8          60

Performance Statistics   2021-11-29 12:53:00 - 2021-11-29 12:54:00
Tag                                                  Avg(ms)         Min         Max     Std Dev       Count
Scheduling.processTasks                                 31,5           8         102        25,5          60

Performance Statistics   2021-11-29 12:54:00 - 2021-11-29 12:55:00
Tag                                                  Avg(ms)         Min         Max     Std Dev       Count
AppFolders                                              10,0          10          10         0,0           1
Scheduling.processTasks                                 28,6           5          83        22,5          60

Performance Statistics   2021-11-29 12:55:00 - 2021-11-29 12:56:00
Tag                                                  Avg(ms)         Min         Max     Std Dev       Count
Scheduling.processTasks                                 35,9          11         157        27,9          60

Performance Statistics   2021-11-29 12:56:00 - 2021-11-29 12:57:00
Tag                                                  Avg(ms)         Min         Max     Std Dev       Count
Scheduling.processTasks                                 19,7          10         128        19,3          60

Performance Statistics   2021-11-29 12:57:00 - 2021-11-29 12:58:00
Tag                                                  Avg(ms)         Min         Max     Std Dev       Count
AppFolders                                               7,0           7           7         0,0           1
Scheduling.processTasks                                 32,1           8         126        29,0          60

Performance Statistics   2021-11-29 12:58:00 - 2021-11-29 12:59:00
Tag                                                  Avg(ms)         Min         Max     Std Dev       Count
Scheduling.processTasks                                 24,0           5         195        28,6          60

Performance Statistics   2021-11-29 12:59:00 - 2021-11-29 13:00:00
Tag                                                  Avg(ms)         Min         Max     Std Dev       Count
Scheduling.processTasks                                 18,3           5          79        15,1          60

Performance Statistics   2021-11-29 13:00:00 - 2021-11-29 13:01:00
Tag                                                  Avg(ms)         Min         Max     Std Dev       Count
AppFolders                                              10,0          10          10         0,0           1
Scheduling.processTasks                                 19,2           7          74        16,0          60

Performance Statistics   2021-11-29 13:01:00 - 2021-11-29 13:02:00
Tag                                                  Avg(ms)         Min         Max     Std Dev       Count
Scheduling.processTasks                                 21,9           7         102        22,2          60

Performance Statistics   2021-11-29 13:02:00 - 2021-11-29 13:03:00
Tag                                                  Avg(ms)         Min         Max     Std Dev       Count
Scheduling.processTasks                                 15,0           5          40         8,4          60

Performance Statistics   2021-11-29 13:03:00 - 2021-11-29 13:04:00
Tag                                                  Avg(ms)         Min         Max     Std Dev       Count
AppFolders                                              10,0          10          10         0,0           1
Scheduling.processTasks                                 15,9          10          50         8,3          60

Performance Statistics   2021-11-29 13:04:00 - 2021-11-29 13:05:00
Tag                                                  Avg(ms)         Min         Max     Std Dev       Count
Scheduling.processTasks                                 17,8           7         108        15,8          60

Performance Statistics   2021-11-29 13:05:00 - 2021-11-29 13:06:00
Tag                                                  Avg(ms)         Min         Max     Std Dev       Count
Scheduling.processTasks                                 19,1           5          81        18,5          60

Performance Statistics   2021-11-29 13:06:00 - 2021-11-29 13:07:00
Tag                                                  Avg(ms)         Min         Max     Std Dev       Count
AppFolders                                               8,0           8           8         0,0           1
Scheduling.processTasks                                 18,5          11          95        16,5          60

Performance Statistics   2021-11-29 13:07:00 - 2021-11-29 13:08:00
Tag                                                  Avg(ms)         Min         Max     Std Dev       Count
Scheduling.processTasks                                 17,0           9         119        18,1          60

Performance Statistics   2021-11-29 13:08:00 - 2021-11-29 13:09:00
Tag                                                  Avg(ms)         Min         Max     Std Dev       Count
Scheduling.processTasks                                 14,0           6          34         7,2          60

Performance Statistics   2021-11-29 13:09:00 - 2021-11-29 13:10:00
Tag                                                  Avg(ms)         Min         Max     Std Dev       Count
Scheduling.processTasks                                 15,1           5          79        11,4          60

Performance Statistics   2021-11-29 13:10:00 - 2021-11-29 13:11:00
Tag                                                  Avg(ms)         Min         Max     Std Dev       Count
AppFolders                                              10,0          10          10         0,0           1
Scheduling.processTasks                                 16,7           9          45         8,6          60

Performance Statistics   2021-11-29 13:11:00 - 2021-11-29 13:12:00
Tag                                                  Avg(ms)         Min         Max     Std Dev       Count
Scheduling.processTasks                                 18,9           8         230        29,0          60

Performance Statistics   2021-11-29 13:12:00 - 2021-11-29 13:13:00
Tag                                                  Avg(ms)         Min         Max     Std Dev       Count
Scheduling.processTasks                                 32,5           6          97        25,2          60

Performance Statistics   2021-11-29 13:13:00 - 2021-11-29 13:14:00
Tag                                                  Avg(ms)         Min         Max     Std Dev       Count
AppFolders                                              10,0          10          10         0,0           1
Scheduling.processTasks                                 38,8          12         101        21,9          60

Performance Statistics   2021-11-29 13:14:00 - 2021-11-29 13:15:00
Tag                                                  Avg(ms)         Min         Max     Std Dev       Count
Scheduling.processTasks                                 44,7           9         132        30,3          60

Performance Statistics   2021-11-29 13:15:00 - 2021-11-29 13:16:00
Tag                                                  Avg(ms)         Min         Max     Std Dev       Count
Scheduling.processTasks                                 37,5           6         139        27,8          60

Performance Statistics   2021-11-29 13:16:00 - 2021-11-29 13:17:00
Tag                                                  Avg(ms)         Min         Max     Std Dev       Count
AppFolders                                               9,0           9           9         0,0           1
Scheduling.processTasks                                 27,0           5         241        32,0          60

Performance Statistics   2021-11-29 13:28:00 - 2021-11-29 13:29:00
Tag                                                  Avg(ms)         Min         Max     Std Dev       Count
Messages.searchClasspath                                 0,2           0          25         1,7         276
Messages.searchFiles                                     0,1           0          16         1,1         276
Metadata.replaceExtendedMetaClasses                      3,0           3           3         0,0           1

Performance Statistics   2021-11-29 13:29:00 - 2021-11-29 13:30:00
Tag                                                  Avg(ms)         Min         Max     Std Dev       Count
AppFolders                                            4398,0        4398        4398         0,0           1
LoadClass                                                0,1           0          11         0,5        3189
Messages.searchClasspath                                 0,0           0          28         0,5       14411
Messages.searchFiles                                     0,0           0           4         0,1       14411
Messages.searchRemotely                                  0,7           0          67         2,8         873
Metadata.replaceExtendedMetaClasses                      2,3           2           3         0,5           3
Scheduling.processTasks                                 79,0          10         532        99,8          57
SearchFolders                                           47,0          47          47         0,0           1
Thesis:loadCalendarEvents                               25,0          25          25         0,0           1
Thesis:loadCardDeadlineInfoTree                         22,0          22          22         0,0           1
ViewRepository.init.ExtViewRepositoryImpl              111,0         111         111         0,0           1
ViewRepository.init.ViewRepositoryClientImpl            90,0          90          90         0,0           1
ViewRepository.replaceOverridden                         0,0           0           0         0,0          42
WebJARs                                                 14,0          14          14         0,0           1

Performance Statistics   2021-11-29 13:30:00 - 2021-11-29 13:31:00
Tag                                                  Avg(ms)         Min         Max     Std Dev       Count
Scheduling.processTasks                                 41,8          11         308        41,6          60

Performance Statistics   2021-11-29 13:31:00 - 2021-11-29 13:32:00
Tag                                                  Avg(ms)         Min         Max     Std Dev       Count
LoadClass                                                1,2           0           5         1,9           9
Messages.searchClasspath                                 0,0           0          15         0,2       35542
Messages.searchFiles                                     0,0           0          13         0,1       35542
Messages.searchRemotely                                  0,2           0          28         1,1        2205
Scheduling.processTasks                                 34,4           8          96        21,9          60
Thesis:loadCalendarEvents                                2,0           2           2         0,0           1
Thesis:loadCardDeadlineInfoTree                         16,0          16          16         0,0           1

Performance Statistics   2021-11-29 13:32:00 - 2021-11-29 13:33:00
Tag                                                  Avg(ms)         Min         Max     Std Dev       Count
AppFolders                                              22,0          22          22         0,0           1
LoadClass                                                0,1           0           3         0,4          92
Messages.searchClasspath                                 0,0           0           1         0,1        1064
Messages.searchFiles                                     0,0           0           0         0,0        1064
Messages.searchRemotely                                  0,2           0           2         0,6          53
Scheduling.processTasks                                 56,9          12         357        57,3          60

Performance Statistics   2021-11-29 13:33:00 - 2021-11-29 13:34:00
Tag                                                  Avg(ms)         Min         Max     Std Dev       Count
Scheduling.processTasks                                 49,0          13         228        36,9          60

Performance Statistics   2021-11-29 13:34:00 - 2021-11-29 13:35:00
Tag                                                  Avg(ms)         Min         Max     Std Dev       Count
LoadClass                                                0,4           0           2         0,8           5
Messages.searchClasspath                                 0,0           0           4         0,2        1549
Messages.searchFiles                                     0,0           0           0         0,0        1549
Messages.searchRemotely                                  0,2           0           8         1,1          96
Scheduling.processTasks                                 46,1          10         330        51,5          60

Performance Statistics   2021-11-29 13:35:00 - 2021-11-29 13:36:00
Tag                                                  Avg(ms)         Min         Max     Std Dev       Count
AppFolders                                              27,0          27          27         0,0           1
Scheduling.processTasks                                 37,4           7         335        53,0          60

Performance Statistics   2021-11-29 13:36:00 - 2021-11-29 13:37:00
Tag                                                  Avg(ms)         Min         Max     Std Dev       Count
LoadClass                                                3,5           0          11         4,5           4
Messages.searchClasspath                                 0,0           0          69         0,6       25693
Messages.searchFiles                                     0,0           0          11         0,1       25693
Messages.searchRemotely                                  0,2           0          26         1,0        1618
Scheduling.processTasks                                 39,0           7         240        39,4          60

Performance Statistics   2021-11-29 13:37:00 - 2021-11-29 13:38:00
Tag                                                  Avg(ms)         Min         Max     Std Dev       Count
LoadClass                                                3,5           0          28         9,3           8
Messages.searchClasspath                                 0,0           0          10         0,2        6243
Messages.searchFiles                                     0,0           0           0         0,0        6243
Messages.searchRemotely                                  0,2           0          11         0,9         387
Scheduling.processTasks                                 37,8          10         144        28,3          60

Performance Statistics   2021-11-29 13:38:00 - 2021-11-29 13:39:00
Tag                                                  Avg(ms)         Min         Max     Std Dev       Count
AppFolders                                              15,0          15          15         0,0           1
Scheduling.processTasks                                 40,1          12         251        43,0          60

Performance Statistics   2021-11-29 13:39:00 - 2021-11-29 13:40:00
Tag                                                  Avg(ms)         Min         Max     Std Dev       Count
LoadClass                                                0,3           0           1         0,4           4
Messages.searchClasspath                                 0,0           0           2         0,1         579
Messages.searchFiles                                     0,0           0           0         0,0         579
Messages.searchRemotely                                  0,2           0           4         0,7          36
Scheduling.processTasks                                 37,4           9         168        27,5          60

Performance Statistics   2021-11-29 13:40:00 - 2021-11-29 13:41:00
Tag                                                  Avg(ms)         Min         Max     Std Dev       Count
LoadClass                                                0,0           0           0         0,0           8
Scheduling.processTasks                                 52,4           8         361        65,8          60

Performance Statistics   2021-11-29 13:41:00 - 2021-11-29 13:42:00
Tag                                                  Avg(ms)         Min         Max     Std Dev       Count
AppFolders                                              12,0          12          12         0,0           1
Messages.searchClasspath                                 0,1           0           3         0,4          67
Messages.searchFiles                                     0,0           0           0         0,0          67
Messages.searchRemotely                                  1,3           0           5         2,2           4
Scheduling.processTasks                                 43,0           5         339        45,7          60

Performance Statistics   2021-11-29 13:42:00 - 2021-11-29 13:43:00
Tag                                                  Avg(ms)         Min         Max     Std Dev       Count
Scheduling.processTasks                                 34,2           6         149        28,3          60

Performance Statistics   2021-11-29 13:43:00 - 2021-11-29 13:44:00
Tag                                                  Avg(ms)         Min         Max     Std Dev       Count
LoadClass                                                3,8           0          22         8,1           6
Messages.searchClasspath                                 0,0           0           5         0,2        2040
Messages.searchFiles                                     0,0           0           0         0,0        2040
Messages.searchRemotely                                  0,3           0           5         0,7         126
Scheduling.processTasks                                 37,1           5         397        61,8          60

Performance Statistics   2021-11-29 13:44:00 - 2021-11-29 13:45:00
Tag                                                  Avg(ms)         Min         Max     Std Dev       Count
AppFolders                                              15,0          15          15         0,0           1
Scheduling.processTasks                                 30,7           6         156        31,2          60

Performance Statistics   2021-11-29 13:45:00 - 2021-11-29 13:46:00
Tag                                                  Avg(ms)         Min         Max     Std Dev       Count
LoadClass                                                2,4           0          12         4,8           5
Messages.searchClasspath                                 0,0           0           3         0,3         193
Messages.searchFiles                                     0,0           0           0         0,0         193
Messages.searchRemotely                                  0,5           0           6         1,7          12
Scheduling.processTasks                                 23,0           5          89        19,3          60

Performance Statistics   2021-11-29 13:46:00 - 2021-11-29 13:47:00
Tag                                                  Avg(ms)         Min         Max     Std Dev       Count
LoadClass                                                0,0           0           0         0,0          10
Messages.searchClasspath                                 0,0           0           4         0,3         234
Messages.searchFiles                                     0,0           0           0         0,0         234
Messages.searchRemotely                                  0,6           0           6         1,5          14
Scheduling.processTasks                                 30,5          10         218        31,5          60

Performance Statistics   2021-11-29 13:47:00 - 2021-11-29 13:48:00
Tag                                                  Avg(ms)         Min         Max     Std Dev       Count
AppFolders                                               9,0           9           9         0,0           1
Scheduling.processTasks                                 21,5           6         101        18,1          60

Performance Statistics   2021-11-29 13:48:00 - 2021-11-29 13:49:00
Tag                                                  Avg(ms)         Min         Max     Std Dev       Count
LoadClass                                                0,0           0           0         0,0          10
Messages.searchClasspath                                 0,2           0           4         0,7          33
Messages.searchFiles                                     0,0           0           0         0,0          33
Messages.searchRemotely                                  3,5           0           7         3,5           2
Scheduling.processTasks                                 31,7           9         102        25,5          60

Performance Statistics   2021-11-29 13:49:00 - 2021-11-29 13:50:00
Tag                                                  Avg(ms)         Min         Max     Std Dev       Count
LoadClass                                                1,0           0          25         4,0          48
Messages.searchClasspath                                 0,0           0           8         0,1       10420
Messages.searchFiles                                     0,0           0          11         0,1       10420
Messages.searchRemotely                                  0,1           0          12         0,6         654
Scheduling.processTasks                                 32,8           6         221        34,4          60

Performance Statistics   2021-11-29 13:50:00 - 2021-11-29 13:51:00
Tag                                                  Avg(ms)         Min         Max     Std Dev       Count
AppFolders                                             139,0         139         139         0,0           1
Scheduling.processTasks                                 27,9           6         149        26,0          60

Performance Statistics   2021-11-29 13:51:00 - 2021-11-29 13:52:00
Tag                                                  Avg(ms)         Min         Max     Std Dev       Count
Scheduling.processTasks                                 34,8           4         244        46,6          60

Performance Statistics   2021-11-29 13:52:00 - 2021-11-29 13:53:00
Tag                                                  Avg(ms)         Min         Max     Std Dev       Count
Scheduling.processTasks                                 26,5           6         125        24,0          60

Performance Statistics   2021-11-29 13:53:00 - 2021-11-29 13:54:00
Tag                                                  Avg(ms)         Min         Max     Std Dev       Count
AppFolders                                               9,0           9           9         0,0           1
LoadClass                                                0,0           0           0         0,0           8
Scheduling.processTasks                                 36,3           5         235        51,8          60

Performance Statistics   2021-11-29 13:54:00 - 2021-11-29 13:55:00
Tag                                                  Avg(ms)         Min         Max     Std Dev       Count
LoadClass                                                0,0           0           0         0,0          21
Scheduling.processTasks                                 40,1           6         181        39,1          60

Performance Statistics   2021-11-29 13:55:00 - 2021-11-29 13:56:00
Tag                                                  Avg(ms)         Min         Max     Std Dev       Count
Scheduling.processTasks                                 30,7           6         215        37,7          60

Performance Statistics   2021-11-29 13:56:00 - 2021-11-29 13:57:00
Tag                                                  Avg(ms)         Min         Max     Std Dev       Count
AppFolders                                               8,0           8           8         0,0           1
Scheduling.processTasks                                 24,3           5         210        28,4          60

Performance Statistics   2021-11-29 13:57:00 - 2021-11-29 13:58:00
Tag                                                  Avg(ms)         Min         Max     Std Dev       Count
LoadClass                                                0,0           0           0         0,0          13
Scheduling.processTasks                                 18,4           5          98        16,1          60

Performance Statistics   2021-11-29 13:58:00 - 2021-11-29 13:59:00
Tag                                                  Avg(ms)         Min         Max     Std Dev       Count
LoadClass                                                0,0           0           0         0,0           8
Scheduling.processTasks                                 22,0           5          71        12,0          60

Performance Statistics   2021-11-29 13:59:00 - 2021-11-29 14:00:00
Tag                                                  Avg(ms)         Min         Max     Std Dev       Count
AppFolders                                              10,0          10          10         0,0           1
Scheduling.processTasks                                 28,7           5         164        29,2          60

Performance Statistics   2021-11-29 14:00:00 - 2021-11-29 14:01:00
Tag                                                  Avg(ms)         Min         Max     Std Dev       Count
Scheduling.processTasks                                 25,9           7         195        32,7          60

Performance Statistics   2021-11-29 14:01:00 - 2021-11-29 14:02:00
Tag                                                  Avg(ms)         Min         Max     Std Dev       Count
Scheduling.processTasks                                 27,3           5         171        26,9          60

Performance Statistics   2021-11-29 14:02:00 - 2021-11-29 14:03:00
Tag                                                  Avg(ms)         Min         Max     Std Dev       Count
AppFolders                                               9,0           9           9         0,0           1
LoadClass                                                0,0           0           0         0,0           5
Scheduling.processTasks                                 24,3           6         211        29,7          60

Performance Statistics   2021-11-29 14:03:00 - 2021-11-29 14:04:00
Tag                                                  Avg(ms)         Min         Max     Std Dev       Count
LoadClass                                                0,0           0           0         0,0           8
Scheduling.processTasks                                 23,1           5         153        25,1          60

Performance Statistics   2021-11-29 14:04:00 - 2021-11-29 14:05:00
Tag                                                  Avg(ms)         Min         Max     Std Dev       Count
Scheduling.processTasks                                 31,9           5         316        54,4          60

Performance Statistics   2021-11-29 14:05:00 - 2021-11-29 14:06:00
Tag                                                  Avg(ms)         Min         Max     Std Dev       Count
AppFolders                                              10,0          10          10         0,0           1
LoadClass                                                0,0           0           0         0,0           5
Scheduling.processTasks                                 28,8           7         253        37,9          60

Performance Statistics   2021-11-29 14:06:00 - 2021-11-29 14:07:00
Tag                                                  Avg(ms)         Min         Max     Std Dev       Count
LoadClass                                                0,2           0          19         2,0          85
Messages.searchClasspath                                 0,0           0           1         0,1         388
Messages.searchFiles                                     0,0           0           0         0,0         388
Messages.searchRemotely                                  0,2           0           3         0,7          24
Scheduling.processTasks                                 32,3           5         317        53,0          60

Performance Statistics   2021-11-29 14:07:00 - 2021-11-29 14:08:00
Tag                                                  Avg(ms)         Min         Max     Std Dev       Count
Scheduling.processTasks                                 18,1           8          71        11,1          60

Performance Statistics   2021-11-29 14:08:00 - 2021-11-29 14:09:00
Tag                                                  Avg(ms)         Min         Max     Std Dev       Count
AppFolders                                               9,0           9           9         0,0           1
LoadClass                                                2,4           0          33         5,9          46
Messages.searchClasspath                                 0,0           0          33         0,3       51461
Messages.searchFiles                                     0,0           0          26         0,1       51461
Messages.searchRemotely                                  0,2           0          27         1,2        3178
Scheduling.processTasks                                 30,4           6         163        30,8          60

Performance Statistics   2021-11-29 14:09:00 - 2021-11-29 14:10:00
Tag                                                  Avg(ms)         Min         Max     Std Dev       Count
Scheduling.processTasks                                 25,5           5         117        24,9          60

Performance Statistics   2021-11-29 14:10:00 - 2021-11-29 14:11:00
Tag                                                  Avg(ms)         Min         Max     Std Dev       Count
AppFolders                                              10,0           7          12         2,2           3
LoadClass                                                0,1           0           1         0,2         173
Messages.searchClasspath                                 0,0           0          22         0,3        6641
Messages.searchFiles                                     0,0           0           0         0,0        6642
Messages.searchRemotely                                  0,2           0           4         0,5         408
Scheduling.processTasks                                 17,2           8          59         9,0          60

Performance Statistics   2021-11-29 14:11:00 - 2021-11-29 14:12:00
Tag                                                  Avg(ms)         Min         Max     Std Dev       Count
AppFolders                                              10,0          10          10         0,0           1
Scheduling.processTasks                                 30,9           6         159        29,0          60

Performance Statistics   2021-11-29 14:12:00 - 2021-11-29 14:13:00
Tag                                                  Avg(ms)         Min         Max     Std Dev       Count
Scheduling.processTasks                                 28,3           8         301        50,3          60

Performance Statistics   2021-11-29 14:13:00 - 2021-11-29 14:14:00
Tag                                                  Avg(ms)         Min         Max     Std Dev       Count
AppFolders                                               8,0           7           9         1,0           2
LoadClass                                                0,0           0           0         0,0          14
Scheduling.processTasks                                 19,5           5          74        16,8          60

Performance Statistics   2021-11-29 14:14:00 - 2021-11-29 14:15:00
Tag                                                  Avg(ms)         Min         Max     Std Dev       Count
AppFolders                                              15,0          15          15         0,0           1
LoadClass                                                0,1           0           2         0,3         138
Messages.searchClasspath                                 0,1           0          21         0,9         737
Messages.searchFiles                                     0,0           0           0         0,0         738
Messages.searchRemotely                                  0,2           0           3         0,5          43
Scheduling.processTasks                                 28,8           7         324        42,9          60

Performance Statistics   2021-11-29 14:15:00 - 2021-11-29 14:16:00
Tag                                                  Avg(ms)         Min         Max     Std Dev       Count
AppFolders                                              11,0          11          11         0,0           1
Scheduling.processTasks                                 17,8           5          69        13,2          60

Performance Statistics   2021-11-29 14:16:00 - 2021-11-29 14:17:00
Tag                                                  Avg(ms)         Min         Max     Std Dev       Count
Scheduling.processTasks                                 26,6           5         321        42,2          60

Performance Statistics   2021-11-29 14:17:00 - 2021-11-29 14:18:00
Tag                                                  Avg(ms)         Min         Max     Std Dev       Count
Scheduling.processTasks                                 21,6           5         316        40,2          60

Performance Statistics   2021-11-29 14:18:00 - 2021-11-29 14:19:00
Tag                                                  Avg(ms)         Min         Max     Std Dev       Count
AppFolders                                              10,0          10          10         0,0           1
Scheduling.processTasks                                 43,1           7         196        36,3          60

Performance Statistics   2021-11-29 14:19:00 - 2021-11-29 14:20:00
Tag                                                  Avg(ms)         Min         Max     Std Dev       Count
Scheduling.processTasks                                 36,0           6         124        29,5          60

Performance Statistics   2021-11-29 14:20:00 - 2021-11-29 14:21:00
Tag                                                  Avg(ms)         Min         Max     Std Dev       Count
LoadClass                                                0,2           0           1         0,4           5
Messages.searchClasspath                                 0,0           0           2         0,1        1351
Messages.searchFiles                                     0,0           0           0         0,0        1351
Messages.searchRemotely                                  0,1           0           4         0,5          84
Scheduling.processTasks                                 21,1           9          85        17,2          60

Performance Statistics   2021-11-29 14:21:00 - 2021-11-29 14:22:00
Tag                                                  Avg(ms)         Min         Max     Std Dev       Count
AppFolders                                               7,0           7           7         0,0           1
Scheduling.processTasks                                 19,9           5         117        17,6          60

Performance Statistics   2021-11-29 14:22:00 - 2021-11-29 14:23:00
Tag                                                  Avg(ms)         Min         Max     Std Dev       Count
Scheduling.processTasks                                 19,8          10         112        17,4          60

Performance Statistics   2021-11-29 14:23:00 - 2021-11-29 14:24:00
Tag                                                  Avg(ms)         Min         Max     Std Dev       Count
Scheduling.processTasks                                 20,7           4          87        15,8          60

Performance Statistics   2021-11-29 14:24:00 - 2021-11-29 14:25:00
Tag                                                  Avg(ms)         Min         Max     Std Dev       Count
AppFolders                                               9,0           9           9         0,0           1
Scheduling.processTasks                                 13,1           5          88        12,0          60

Performance Statistics   2021-11-29 14:25:00 - 2021-11-29 14:26:00
Tag                                                  Avg(ms)         Min         Max     Std Dev       Count
Scheduling.processTasks                                 22,6           5         189        26,8          60

Performance Statistics   2021-11-29 14:26:00 - 2021-11-29 14:27:00
Tag                                                  Avg(ms)         Min         Max     Std Dev       Count
Scheduling.processTasks                                 33,5           5         304        43,0          60

Performance Statistics   2021-11-29 14:27:00 - 2021-11-29 14:28:00
Tag                                                  Avg(ms)         Min         Max     Std Dev       Count
AppFolders                                              24,0          24          24         0,0           1
Messages.searchClasspath                                 0,0           0          59         1,1        3281
Messages.searchFiles                                     0,0           0           0         0,0        3281
Messages.searchRemotely                                  0,4           0          24         2,3         204
Scheduling.processTasks                                 27,6           7         184        31,7          60

Performance Statistics   2021-11-29 14:28:00 - 2021-11-29 14:29:00
Tag                                                  Avg(ms)         Min         Max     Std Dev       Count
Scheduling.processTasks                                 30,9           7         258        45,9          60

Performance Statistics   2021-11-29 14:29:00 - 2021-11-29 14:30:00
Tag                                                  Avg(ms)         Min         Max     Std Dev       Count
Scheduling.processTasks                                 35,0           6         233        37,6          60

Performance Statistics   2021-11-29 14:30:00 - 2021-11-29 14:31:00
Tag                                                  Avg(ms)         Min         Max     Std Dev       Count
AppFolders                                              10,0          10          10         0,0           1
Scheduling.processTasks                                 44,2          12         222        35,7          60

Performance Statistics   2021-11-29 14:31:00 - 2021-11-29 14:32:00
Tag                                                  Avg(ms)         Min         Max     Std Dev       Count
Scheduling.processTasks                                 35,3           5         145        28,2          60

Performance Statistics   2021-11-29 14:32:00 - 2021-11-29 14:33:00
Tag                                                  Avg(ms)         Min         Max     Std Dev       Count
Scheduling.processTasks                                 28,1           3          79        20,7          60

Performance Statistics   2021-11-29 14:33:00 - 2021-11-29 14:34:00
Tag                                                  Avg(ms)         Min         Max     Std Dev       Count
AppFolders                                               7,0           7           7         0,0           1
Scheduling.processTasks                                 26,3           4         111        22,9          60

Performance Statistics   2021-11-29 14:34:00 - 2021-11-29 14:35:00
Tag                                                  Avg(ms)         Min         Max     Std Dev       Count
Scheduling.processTasks                                 33,4           8         183        32,4          60

Performance Statistics   2021-11-29 14:35:00 - 2021-11-29 14:36:00
Tag                                                  Avg(ms)         Min         Max     Std Dev       Count
Scheduling.processTasks                                 20,7           5          74        15,0          60

Performance Statistics   2021-11-29 14:36:00 - 2021-11-29 14:37:00
Tag                                                  Avg(ms)         Min         Max     Std Dev       Count
AppFolders                                               7,0           7           7         0,0           1
Scheduling.processTasks                                 24,9           5         240        39,8          60

Performance Statistics   2021-11-29 14:37:00 - 2021-11-29 14:38:00
Tag                                                  Avg(ms)         Min         Max     Std Dev       Count
Scheduling.processTasks                                 22,1           5         154        23,6          60

Performance Statistics   2021-11-29 14:38:00 - 2021-11-29 14:39:00
Tag                                                  Avg(ms)         Min         Max     Std Dev       Count
Scheduling.processTasks                                 21,8           9         111        15,9          60

Performance Statistics   2021-11-29 14:39:00 - 2021-11-29 14:40:00
Tag                                                  Avg(ms)         Min         Max     Std Dev       Count
AppFolders                                              10,0          10          10         0,0           1
Scheduling.processTasks                                 31,4           6         215        46,6          60

Performance Statistics   2021-11-29 14:40:00 - 2021-11-29 14:41:00
Tag                                                  Avg(ms)         Min         Max     Std Dev       Count
AppFolders                                               5,0           5           5         0,0           1
CardBrowserDataSource.loadCardActorsInfo                56,0          56          56         0,0           1
LoadClass                                                3,6           0          20         6,1          13
Messages.searchClasspath                                 0,0           0          13         0,2       67179
Messages.searchFiles                                     0,0           0           0         0,0       67180
Messages.searchRemotely                                  0,1           0          31         0,8        4168
Scheduling.processTasks                                 26,9           5         318        41,7          60

Performance Statistics   2021-11-29 14:41:00 - 2021-11-29 14:42:00
Tag                                                  Avg(ms)         Min         Max     Std Dev       Count
Scheduling.processTasks                                 29,9          10         242        44,8          60

Performance Statistics   2021-11-29 14:42:00 - 2021-11-29 14:43:00
Tag                                                  Avg(ms)         Min         Max     Std Dev       Count
AppFolders                                              15,0          15          15         0,0           1
Scheduling.processTasks                                 41,8           8         348        62,1          60

Performance Statistics   2021-11-29 14:43:00 - 2021-11-29 14:44:00
Tag                                                  Avg(ms)         Min         Max     Std Dev       Count
Scheduling.processTasks                                 24,7           5         115        22,7          60

Performance Statistics   2021-11-29 14:44:00 - 2021-11-29 14:45:00
Tag                                                  Avg(ms)         Min         Max     Std Dev       Count
Scheduling.processTasks                                 25,7           4         229        33,6          60

Performance Statistics   2021-11-29 14:45:00 - 2021-11-29 14:46:00
Tag                                                  Avg(ms)         Min         Max     Std Dev       Count
AppFolders                                              11,0          11          11         0,0           1
Scheduling.processTasks                                 17,5           7          68        11,5          60

Performance Statistics   2021-11-29 14:46:00 - 2021-11-29 14:47:00
Tag                                                  Avg(ms)         Min         Max     Std Dev       Count
AppFolders                                              25,3          11          52        18,9           3
LoadClass                                                1,2           0          19         4,4          30
Messages.searchClasspath                                 0,0           0          14         0,2        5728
Messages.searchFiles                                     0,0           0           0         0,0        5731
Messages.searchRemotely                                  0,2           0          12         0,8         357
Scheduling.processTasks                                 27,7           7         294        46,7          60
SearchFolders                                            7,0           6           8         0,8           3
Thesis:loadCalendarEvents                               18,0           1          85        33,5           5
Thesis:loadCardDeadlineInfoTree                          8,8           7          13         2,2           5

Performance Statistics   2021-11-29 14:47:00 - 2021-11-29 14:48:00
Tag                                                  Avg(ms)         Min         Max     Std Dev       Count
AppFolders                                               7,0           4          12         3,0           4
CardBrowserDataSource.loadCardActorsInfo                27,5          25          30         2,5           2
LoadClass                                                0,0           0           0         0,0          56
Messages.searchClasspath                                 0,0           0           2         0,1        1182
Messages.searchFiles                                     0,0           0           0         0,0        1186
Messages.searchRemotely                                  0,1           0           4         0,6          77
Scheduling.processTasks                                 16,6           4          71        14,4          60
SearchFolders                                            6,0           6           6         0,0           2
Thesis:loadCalendarEvents                                1,2           1           2         0,4           5
Thesis:loadCardDeadlineInfoTree                          8,8           7          10         1,2           5

Performance Statistics   2021-11-29 14:48:00 - 2021-11-29 14:49:00
Tag                                                  Avg(ms)         Min         Max     Std Dev       Count
AppFolders                                               7,3           5          12         3,3           3
CardBrowserDataSource.loadCardActorsInfo                22,0          22          22         0,0           1
LoadClass                                                0,2           0          19         1,4         348
Messages.searchClasspath                                 0,0           0           4         0,2         917
Messages.searchFiles                                     0,0           0           0         0,0         921
Messages.searchRemotely                                  0,1           0           2         0,4          52
Scheduling.processTasks                                 16,7           4          71        12,5          60
SearchFolders                                            5,0           5           5         0,0           2
Thesis:loadCalendarEvents                                1,0           1           1         0,0           3
Thesis:loadCardDeadlineInfoTree                          7,0           4          11         2,9           3

Performance Statistics   2021-11-29 14:49:00 - 2021-11-29 14:50:00
Tag                                                  Avg(ms)         Min         Max     Std Dev       Count
LoadClass                                                0,0           0           0         0,0           9
Scheduling.processTasks                                 16,7           7          73        11,2          60

Performance Statistics   2021-11-29 14:50:00 - 2021-11-29 14:51:00
Tag                                                  Avg(ms)         Min         Max     Std Dev       Count
LoadClass                                                0,4           0          10         1,9          27
Messages.searchClasspath                                 0,0           0          26         0,3       14239
Messages.searchFiles                                     0,0           0          16         0,1       14239
Messages.searchRemotely                                  0,2           0          28         1,5         877
Scheduling.processTasks                                 23,6           6          83        17,7          60

Performance Statistics   2021-11-29 14:51:00 - 2021-11-29 14:52:00
Tag                                                  Avg(ms)         Min         Max     Std Dev       Count
AppFolders                                               9,0           9           9         0,0           1
Scheduling.processTasks                                 36,2           6         173        31,6          60

Performance Statistics   2021-11-29 14:52:00 - 2021-11-29 14:53:00
Tag                                                  Avg(ms)         Min         Max     Std Dev       Count
Scheduling.processTasks                                 50,2          13         206        36,6          60

Performance Statistics   2021-11-29 14:53:00 - 2021-11-29 14:54:00
Tag                                                  Avg(ms)         Min         Max     Std Dev       Count
Scheduling.processTasks                                 37,6          10         130        28,5          60

Performance Statistics   2021-11-29 14:54:00 - 2021-11-29 14:55:00
Tag                                                  Avg(ms)         Min         Max     Std Dev       Count
AppFolders                                              12,0          12          12         0,0           1
Scheduling.processTasks                                 28,2           6         100        21,8          60

Performance Statistics   2021-11-29 14:55:00 - 2021-11-29 14:56:00
Tag                                                  Avg(ms)         Min         Max     Std Dev       Count
AppFolders                                              17,0           3          31        14,0           2
LoadClass                                                0,0           0           2         0,3          71
Messages.searchClasspath                                 0,0           0          13         0,4        4090
Messages.searchFiles                                     0,0           0           0         0,0        4090
Messages.searchRemotely                                  0,2           0          14         1,2         271
Scheduling.processTasks                                 26,1           3         190        29,1          60
SearchFolders                                            6,5           5           8         1,5           2
Thesis:loadCalendarEvents                                1,0           1           1         0,0           4
Thesis:loadCardDeadlineInfoTree                          6,3           5           8         1,1           4

Performance Statistics   2021-11-29 14:56:00 - 2021-11-29 14:57:00
Tag                                                  Avg(ms)         Min         Max     Std Dev       Count
AppFolders                                               8,0           7           9         1,0           2
CardBrowserDataSource.loadCardActorsInfo                25,0          25          25         0,0           1
LoadClass                                                0,0           0           0         0,0          23
Scheduling.processTasks                                 27,9          10         240        33,6          60
SearchFolders                                            4,0           4           4         0,0           1
Thesis:loadCalendarEvents                                0,0           0           0         0,0           1
Thesis:loadCardDeadlineInfoTree                          4,0           4           4         0,0           1

